<?xml version='1.0' encoding='utf-8'?>
<testsuites name="AsthmaSense AI QA Test Automation" tests="1200" failures="0" errors="0" time="458.2">
  <testsuite name="SELENIUM Test Suite" tests="300" failures="0" errors="0" time="236.86">
    <testcase id="TS_SEL_001" name="Verify Web browser client auth flow variation for signup validation edge case 1" classname="qa.tests.selenium.Authentication" time="1.173">
      <system-out>Preconditions: Browser window is open and user is on the auth page for login instance 1
Steps: 1. Navigate to auth screen
2. Attempt to input credentials set 1
3. Submit request and monitor browser logs.
Expected: No console errors, token stored, user routed properly for login test 1</system-out>
    </testcase>
    <testcase id="TS_SEL_002" name="Verify Web browser client auth flow variation for credential retrieval edge case 2" classname="qa.tests.selenium.Authentication" time="0.332">
      <system-out>Preconditions: Browser window is open and user is on the auth page for login instance 2
Steps: 1. Navigate to auth screen
2. Attempt to input credentials set 2
3. Submit request and monitor browser logs.
Expected: No console errors, token stored, user routed properly for login test 2</system-out>
    </testcase>
    <testcase id="TS_SEL_003" name="Verify Web browser client auth flow variation for session expiration edge case 3" classname="qa.tests.selenium.Authentication" time="0.663">
      <system-out>Preconditions: Browser window is open and user is on the auth page for login instance 3
Steps: 1. Navigate to auth screen
2. Attempt to input credentials set 3
3. Submit request and monitor browser logs.
Expected: No console errors, token stored, user routed properly for login test 3</system-out>
    </testcase>
    <testcase id="TS_SEL_004" name="Verify Web browser client auth flow variation for cookie tracking edge case 4" classname="qa.tests.selenium.Authentication" time="1.038">
      <system-out>Preconditions: Browser window is open and user is on the auth page for login instance 4
Steps: 1. Navigate to auth screen
2. Attempt to input credentials set 4
3. Submit request and monitor browser logs.
Expected: No console errors, token stored, user routed properly for login test 4</system-out>
    </testcase>
    <testcase id="TS_SEL_005" name="Verify Web browser client auth flow variation for SSO redirection edge case 5" classname="qa.tests.selenium.Authentication" time="1.046">
      <system-out>Preconditions: Browser window is open and user is on the auth page for login instance 5
Steps: 1. Navigate to auth screen
2. Attempt to input credentials set 5
3. Submit request and monitor browser logs.
Expected: No console errors, token stored, user routed properly for login test 5</system-out>
    </testcase>
    <testcase id="TS_SEL_006" name="Verify Web browser client auth flow variation for CSRF tokens edge case 6" classname="qa.tests.selenium.Authentication" time="0.116">
      <system-out>Preconditions: Browser window is open and user is on the auth page for login instance 6
Steps: 1. Navigate to auth screen
2. Attempt to input credentials set 6
3. Submit request and monitor browser logs.
Expected: No console errors, token stored, user routed properly for login test 6</system-out>
    </testcase>
    <testcase id="TS_SEL_007" name="Verify Web browser client auth flow variation for JWT persistence edge case 7" classname="qa.tests.selenium.Authentication" time="0.514">
      <system-out>Preconditions: Browser window is open and user is on the auth page for login instance 7
Steps: 1. Navigate to auth screen
2. Attempt to input credentials set 7
3. Submit request and monitor browser logs.
Expected: No console errors, token stored, user routed properly for login test 7</system-out>
    </testcase>
    <testcase id="TS_SEL_008" name="Verify Web browser client auth flow variation for remember me option edge case 8" classname="qa.tests.selenium.Authentication" time="0.246">
      <system-out>Preconditions: Browser window is open and user is on the auth page for login instance 8
Steps: 1. Navigate to auth screen
2. Attempt to input credentials set 8
3. Submit request and monitor browser logs.
Expected: No console errors, token stored, user routed properly for login test 8</system-out>
    </testcase>
    <testcase id="TS_SEL_009" name="Verify Web browser client auth flow variation for multi-tab login edge case 9" classname="qa.tests.selenium.Authentication" time="0.952">
      <system-out>Preconditions: Browser window is open and user is on the auth page for login instance 9
Steps: 1. Navigate to auth screen
2. Attempt to input credentials set 9
3. Submit request and monitor browser logs.
Expected: No console errors, token stored, user routed properly for login test 9</system-out>
    </testcase>
    <testcase id="TS_SEL_010" name="Verify Web browser client auth flow variation for standard login edge case 10" classname="qa.tests.selenium.Authentication" time="0.096">
      <system-out>Preconditions: Browser window is open and user is on the auth page for login instance 10
Steps: 1. Navigate to auth screen
2. Attempt to input credentials set 10
3. Submit request and monitor browser logs.
Expected: No console errors, token stored, user routed properly for login test 10</system-out>
    </testcase>
    <testcase id="TS_SEL_011" name="Verify Web browser client auth flow variation for signup validation edge case 11" classname="qa.tests.selenium.Authentication" time="1.168">
      <system-out>Preconditions: Browser window is open and user is on the auth page for login instance 11
Steps: 1. Navigate to auth screen
2. Attempt to input credentials set 11
3. Submit request and monitor browser logs.
Expected: No console errors, token stored, user routed properly for login test 11</system-out>
    </testcase>
    <testcase id="TS_SEL_012" name="Verify Web browser client auth flow variation for credential retrieval edge case 12" classname="qa.tests.selenium.Authentication" time="0.103">
      <system-out>Preconditions: Browser window is open and user is on the auth page for login instance 12
Steps: 1. Navigate to auth screen
2. Attempt to input credentials set 12
3. Submit request and monitor browser logs.
Expected: No console errors, token stored, user routed properly for login test 12</system-out>
    </testcase>
    <testcase id="TS_SEL_013" name="Verify Web browser client auth flow variation for session expiration edge case 13" classname="qa.tests.selenium.Authentication" time="0.547">
      <system-out>Preconditions: Browser window is open and user is on the auth page for login instance 13
Steps: 1. Navigate to auth screen
2. Attempt to input credentials set 13
3. Submit request and monitor browser logs.
Expected: No console errors, token stored, user routed properly for login test 13</system-out>
    </testcase>
    <testcase id="TS_SEL_014" name="Verify Web browser client auth flow variation for cookie tracking edge case 14" classname="qa.tests.selenium.Authentication" time="0.923">
      <system-out>Preconditions: Browser window is open and user is on the auth page for login instance 14
Steps: 1. Navigate to auth screen
2. Attempt to input credentials set 14
3. Submit request and monitor browser logs.
Expected: No console errors, token stored, user routed properly for login test 14</system-out>
    </testcase>
    <testcase id="TS_SEL_015" name="Verify Web browser client auth flow variation for SSO redirection edge case 15" classname="qa.tests.selenium.Authentication" time="0.277">
      <system-out>Preconditions: Browser window is open and user is on the auth page for login instance 15
Steps: 1. Navigate to auth screen
2. Attempt to input credentials set 15
3. Submit request and monitor browser logs.
Expected: No console errors, token stored, user routed properly for login test 15</system-out>
    </testcase>
    <testcase id="TS_SEL_016" name="Verify Web browser client auth flow variation for CSRF tokens edge case 16" classname="qa.tests.selenium.Authentication" time="0.054">
      <system-out>Preconditions: Browser window is open and user is on the auth page for login instance 16
Steps: 1. Navigate to auth screen
2. Attempt to input credentials set 16
3. Submit request and monitor browser logs.
Expected: No console errors, token stored, user routed properly for login test 16</system-out>
    </testcase>
    <testcase id="TS_SEL_017" name="Verify Web browser client auth flow variation for JWT persistence edge case 17" classname="qa.tests.selenium.Authentication" time="1.090">
      <system-out>Preconditions: Browser window is open and user is on the auth page for login instance 17
Steps: 1. Navigate to auth screen
2. Attempt to input credentials set 17
3. Submit request and monitor browser logs.
Expected: No console errors, token stored, user routed properly for login test 17</system-out>
    </testcase>
    <testcase id="TS_SEL_018" name="Verify Web browser client auth flow variation for remember me option edge case 18" classname="qa.tests.selenium.Authentication" time="0.708">
      <system-out>Preconditions: Browser window is open and user is on the auth page for login instance 18
Steps: 1. Navigate to auth screen
2. Attempt to input credentials set 18
3. Submit request and monitor browser logs.
Expected: No console errors, token stored, user routed properly for login test 18</system-out>
    </testcase>
    <testcase id="TS_SEL_019" name="Verify Web browser client auth flow variation for multi-tab login edge case 19" classname="qa.tests.selenium.Authentication" time="1.068">
      <system-out>Preconditions: Browser window is open and user is on the auth page for login instance 19
Steps: 1. Navigate to auth screen
2. Attempt to input credentials set 19
3. Submit request and monitor browser logs.
Expected: No console errors, token stored, user routed properly for login test 19</system-out>
    </testcase>
    <testcase id="TS_SEL_020" name="Verify Web browser client auth flow variation for standard login edge case 20" classname="qa.tests.selenium.Authentication" time="0.958">
      <system-out>Preconditions: Browser window is open and user is on the auth page for login instance 20
Steps: 1. Navigate to auth screen
2. Attempt to input credentials set 20
3. Submit request and monitor browser logs.
Expected: No console errors, token stored, user routed properly for login test 20</system-out>
    </testcase>
    <testcase id="TS_SEL_021" name="Verify Web browser client auth flow variation for signup validation edge case 21" classname="qa.tests.selenium.Authentication" time="1.073">
      <system-out>Preconditions: Browser window is open and user is on the auth page for login instance 21
Steps: 1. Navigate to auth screen
2. Attempt to input credentials set 21
3. Submit request and monitor browser logs.
Expected: No console errors, token stored, user routed properly for login test 21</system-out>
    </testcase>
    <testcase id="TS_SEL_022" name="Verify Web browser client auth flow variation for credential retrieval edge case 22" classname="qa.tests.selenium.Authentication" time="0.378">
      <system-out>Preconditions: Browser window is open and user is on the auth page for login instance 22
Steps: 1. Navigate to auth screen
2. Attempt to input credentials set 22
3. Submit request and monitor browser logs.
Expected: No console errors, token stored, user routed properly for login test 22</system-out>
    </testcase>
    <testcase id="TS_SEL_023" name="Verify Web browser client auth flow variation for session expiration edge case 23" classname="qa.tests.selenium.Authentication" time="0.611">
      <system-out>Preconditions: Browser window is open and user is on the auth page for login instance 23
Steps: 1. Navigate to auth screen
2. Attempt to input credentials set 23
3. Submit request and monitor browser logs.
Expected: No console errors, token stored, user routed properly for login test 23</system-out>
    </testcase>
    <testcase id="TS_SEL_024" name="Verify Web browser client auth flow variation for cookie tracking edge case 24" classname="qa.tests.selenium.Authentication" time="0.319">
      <system-out>Preconditions: Browser window is open and user is on the auth page for login instance 24
Steps: 1. Navigate to auth screen
2. Attempt to input credentials set 24
3. Submit request and monitor browser logs.
Expected: No console errors, token stored, user routed properly for login test 24</system-out>
    </testcase>
    <testcase id="TS_SEL_025" name="Verify Web browser client auth flow variation for SSO redirection edge case 25" classname="qa.tests.selenium.Authentication" time="0.896">
      <system-out>Preconditions: Browser window is open and user is on the auth page for login instance 25
Steps: 1. Navigate to auth screen
2. Attempt to input credentials set 25
3. Submit request and monitor browser logs.
Expected: No console errors, token stored, user routed properly for login test 25</system-out>
    </testcase>
    <testcase id="TS_SEL_026" name="Verify Web browser client auth flow variation for CSRF tokens edge case 26" classname="qa.tests.selenium.Authentication" time="0.413">
      <system-out>Preconditions: Browser window is open and user is on the auth page for login instance 26
Steps: 1. Navigate to auth screen
2. Attempt to input credentials set 26
3. Submit request and monitor browser logs.
Expected: No console errors, token stored, user routed properly for login test 26</system-out>
    </testcase>
    <testcase id="TS_SEL_027" name="Verify Web browser client auth flow variation for JWT persistence edge case 27" classname="qa.tests.selenium.Authentication" time="0.460">
      <system-out>Preconditions: Browser window is open and user is on the auth page for login instance 27
Steps: 1. Navigate to auth screen
2. Attempt to input credentials set 27
3. Submit request and monitor browser logs.
Expected: No console errors, token stored, user routed properly for login test 27</system-out>
    </testcase>
    <testcase id="TS_SEL_028" name="Verify Web browser client auth flow variation for remember me option edge case 28" classname="qa.tests.selenium.Authentication" time="0.422">
      <system-out>Preconditions: Browser window is open and user is on the auth page for login instance 28
Steps: 1. Navigate to auth screen
2. Attempt to input credentials set 28
3. Submit request and monitor browser logs.
Expected: No console errors, token stored, user routed properly for login test 28</system-out>
    </testcase>
    <testcase id="TS_SEL_029" name="Verify Web browser client auth flow variation for multi-tab login edge case 29" classname="qa.tests.selenium.Authentication" time="0.473">
      <system-out>Preconditions: Browser window is open and user is on the auth page for login instance 29
Steps: 1. Navigate to auth screen
2. Attempt to input credentials set 29
3. Submit request and monitor browser logs.
Expected: No console errors, token stored, user routed properly for login test 29</system-out>
    </testcase>
    <testcase id="TS_SEL_030" name="Verify Web browser client auth flow variation for standard login edge case 30" classname="qa.tests.selenium.Authentication" time="0.346">
      <system-out>Preconditions: Browser window is open and user is on the auth page for login instance 30
Steps: 1. Navigate to auth screen
2. Attempt to input credentials set 30
3. Submit request and monitor browser logs.
Expected: No console errors, token stored, user routed properly for login test 30</system-out>
    </testcase>
    <testcase id="TS_SEL_031" name="Verify Web browser client auth flow variation for signup validation edge case 31" classname="qa.tests.selenium.Authentication" time="0.391">
      <system-out>Preconditions: Browser window is open and user is on the auth page for login instance 31
Steps: 1. Navigate to auth screen
2. Attempt to input credentials set 31
3. Submit request and monitor browser logs.
Expected: No console errors, token stored, user routed properly for login test 31</system-out>
    </testcase>
    <testcase id="TS_SEL_032" name="Verify Web browser client auth flow variation for credential retrieval edge case 32" classname="qa.tests.selenium.Authentication" time="0.436">
      <system-out>Preconditions: Browser window is open and user is on the auth page for login instance 32
Steps: 1. Navigate to auth screen
2. Attempt to input credentials set 32
3. Submit request and monitor browser logs.
Expected: No console errors, token stored, user routed properly for login test 32</system-out>
    </testcase>
    <testcase id="TS_SEL_033" name="Verify Web browser client auth flow variation for session expiration edge case 33" classname="qa.tests.selenium.Authentication" time="0.285">
      <system-out>Preconditions: Browser window is open and user is on the auth page for login instance 33
Steps: 1. Navigate to auth screen
2. Attempt to input credentials set 33
3. Submit request and monitor browser logs.
Expected: No console errors, token stored, user routed properly for login test 33</system-out>
    </testcase>
    <testcase id="TS_SEL_034" name="Verify Web browser client auth flow variation for cookie tracking edge case 34" classname="qa.tests.selenium.Authentication" time="0.804">
      <system-out>Preconditions: Browser window is open and user is on the auth page for login instance 34
Steps: 1. Navigate to auth screen
2. Attempt to input credentials set 34
3. Submit request and monitor browser logs.
Expected: No console errors, token stored, user routed properly for login test 34</system-out>
    </testcase>
    <testcase id="TS_SEL_035" name="Verify Web browser client auth flow variation for SSO redirection edge case 35" classname="qa.tests.selenium.Authentication" time="0.769">
      <system-out>Preconditions: Browser window is open and user is on the auth page for login instance 35
Steps: 1. Navigate to auth screen
2. Attempt to input credentials set 35
3. Submit request and monitor browser logs.
Expected: No console errors, token stored, user routed properly for login test 35</system-out>
    </testcase>
    <testcase id="TS_SEL_036" name="Verify Web browser client auth flow variation for CSRF tokens edge case 36" classname="qa.tests.selenium.Authentication" time="0.165">
      <system-out>Preconditions: Browser window is open and user is on the auth page for login instance 36
Steps: 1. Navigate to auth screen
2. Attempt to input credentials set 36
3. Submit request and monitor browser logs.
Expected: No console errors, token stored, user routed properly for login test 36</system-out>
    </testcase>
    <testcase id="TS_SEL_037" name="Verify Web browser client auth flow variation for JWT persistence edge case 37" classname="qa.tests.selenium.Authentication" time="0.170">
      <system-out>Preconditions: Browser window is open and user is on the auth page for login instance 37
Steps: 1. Navigate to auth screen
2. Attempt to input credentials set 37
3. Submit request and monitor browser logs.
Expected: No console errors, token stored, user routed properly for login test 37</system-out>
    </testcase>
    <testcase id="TS_SEL_038" name="Verify Web browser client auth flow variation for remember me option edge case 38" classname="qa.tests.selenium.Authentication" time="0.970">
      <system-out>Preconditions: Browser window is open and user is on the auth page for login instance 38
Steps: 1. Navigate to auth screen
2. Attempt to input credentials set 38
3. Submit request and monitor browser logs.
Expected: No console errors, token stored, user routed properly for login test 38</system-out>
    </testcase>
    <testcase id="TS_SEL_039" name="Verify Web browser client auth flow variation for multi-tab login edge case 39" classname="qa.tests.selenium.Authentication" time="0.282">
      <system-out>Preconditions: Browser window is open and user is on the auth page for login instance 39
Steps: 1. Navigate to auth screen
2. Attempt to input credentials set 39
3. Submit request and monitor browser logs.
Expected: No console errors, token stored, user routed properly for login test 39</system-out>
    </testcase>
    <testcase id="TS_SEL_040" name="Verify Web browser client auth flow variation for standard login edge case 40" classname="qa.tests.selenium.Authentication" time="1.138">
      <system-out>Preconditions: Browser window is open and user is on the auth page for login instance 40
Steps: 1. Navigate to auth screen
2. Attempt to input credentials set 40
3. Submit request and monitor browser logs.
Expected: No console errors, token stored, user routed properly for login test 40</system-out>
    </testcase>
    <testcase id="TS_SEL_041" name="Verify Web browser client auth flow variation for signup validation edge case 41" classname="qa.tests.selenium.Authentication" time="0.241">
      <system-out>Preconditions: Browser window is open and user is on the auth page for login instance 41
Steps: 1. Navigate to auth screen
2. Attempt to input credentials set 41
3. Submit request and monitor browser logs.
Expected: No console errors, token stored, user routed properly for login test 41</system-out>
    </testcase>
    <testcase id="TS_SEL_042" name="Verify Web browser client auth flow variation for credential retrieval edge case 42" classname="qa.tests.selenium.Authentication" time="0.960">
      <system-out>Preconditions: Browser window is open and user is on the auth page for login instance 42
Steps: 1. Navigate to auth screen
2. Attempt to input credentials set 42
3. Submit request and monitor browser logs.
Expected: No console errors, token stored, user routed properly for login test 42</system-out>
    </testcase>
    <testcase id="TS_SEL_043" name="Verify Web browser client auth flow variation for session expiration edge case 43" classname="qa.tests.selenium.Authentication" time="0.819">
      <system-out>Preconditions: Browser window is open and user is on the auth page for login instance 43
Steps: 1. Navigate to auth screen
2. Attempt to input credentials set 43
3. Submit request and monitor browser logs.
Expected: No console errors, token stored, user routed properly for login test 43</system-out>
    </testcase>
    <testcase id="TS_SEL_044" name="Verify Web browser client auth flow variation for cookie tracking edge case 44" classname="qa.tests.selenium.Authentication" time="1.164">
      <system-out>Preconditions: Browser window is open and user is on the auth page for login instance 44
Steps: 1. Navigate to auth screen
2. Attempt to input credentials set 44
3. Submit request and monitor browser logs.
Expected: No console errors, token stored, user routed properly for login test 44</system-out>
    </testcase>
    <testcase id="TS_SEL_045" name="Verify Web browser client auth flow variation for SSO redirection edge case 45" classname="qa.tests.selenium.Authentication" time="0.337">
      <system-out>Preconditions: Browser window is open and user is on the auth page for login instance 45
Steps: 1. Navigate to auth screen
2. Attempt to input credentials set 45
3. Submit request and monitor browser logs.
Expected: No console errors, token stored, user routed properly for login test 45</system-out>
    </testcase>
    <testcase id="TS_SEL_046" name="Verify Web browser client auth flow variation for CSRF tokens edge case 46" classname="qa.tests.selenium.Authentication" time="1.022">
      <system-out>Preconditions: Browser window is open and user is on the auth page for login instance 46
Steps: 1. Navigate to auth screen
2. Attempt to input credentials set 46
3. Submit request and monitor browser logs.
Expected: No console errors, token stored, user routed properly for login test 46</system-out>
    </testcase>
    <testcase id="TS_SEL_047" name="Verify Web browser client auth flow variation for JWT persistence edge case 47" classname="qa.tests.selenium.Authentication" time="0.057">
      <system-out>Preconditions: Browser window is open and user is on the auth page for login instance 47
Steps: 1. Navigate to auth screen
2. Attempt to input credentials set 47
3. Submit request and monitor browser logs.
Expected: No console errors, token stored, user routed properly for login test 47</system-out>
    </testcase>
    <testcase id="TS_SEL_048" name="Verify Web browser client auth flow variation for remember me option edge case 48" classname="qa.tests.selenium.Authentication" time="0.954">
      <system-out>Preconditions: Browser window is open and user is on the auth page for login instance 48
Steps: 1. Navigate to auth screen
2. Attempt to input credentials set 48
3. Submit request and monitor browser logs.
Expected: No console errors, token stored, user routed properly for login test 48</system-out>
    </testcase>
    <testcase id="TS_SEL_049" name="Verify Web browser client auth flow variation for multi-tab login edge case 49" classname="qa.tests.selenium.Authentication" time="0.693">
      <system-out>Preconditions: Browser window is open and user is on the auth page for login instance 49
Steps: 1. Navigate to auth screen
2. Attempt to input credentials set 49
3. Submit request and monitor browser logs.
Expected: No console errors, token stored, user routed properly for login test 49</system-out>
    </testcase>
    <testcase id="TS_SEL_050" name="Verify Web browser client auth flow variation for standard login edge case 50" classname="qa.tests.selenium.Authentication" time="0.947">
      <system-out>Preconditions: Browser window is open and user is on the auth page for login instance 50
Steps: 1. Navigate to auth screen
2. Attempt to input credentials set 50
3. Submit request and monitor browser logs.
Expected: No console errors, token stored, user routed properly for login test 50</system-out>
    </testcase>
    <testcase id="TS_SEL_051" name="Verify onboarding wizard saves progress when user completes questionnaire segment 1 under moderate asthma profile (Case 51)" classname="qa.tests.selenium.Onboarding" time="0.776">
      <system-out>Preconditions: User is registered and redirected to onboarding questionnaire segment 51
Steps: 1. Start onboarding questionnaire
2. Select answers for group 51
3. Click next step.
Expected: State updated in localStorage and sent to backend API for question 51</system-out>
    </testcase>
    <testcase id="TS_SEL_052" name="Verify onboarding wizard saves progress when user completes questionnaire segment 2 under severe asthma profile (Case 52)" classname="qa.tests.selenium.Onboarding" time="0.287">
      <system-out>Preconditions: User is registered and redirected to onboarding questionnaire segment 52
Steps: 1. Start onboarding questionnaire
2. Select answers for group 52
3. Click next step.
Expected: State updated in localStorage and sent to backend API for question 52</system-out>
    </testcase>
    <testcase id="TS_SEL_053" name="Verify onboarding wizard saves progress when user completes questionnaire segment 3 under mild asthma profile (Case 53)" classname="qa.tests.selenium.Onboarding" time="0.215">
      <system-out>Preconditions: User is registered and redirected to onboarding questionnaire segment 53
Steps: 1. Start onboarding questionnaire
2. Select answers for group 53
3. Click next step.
Expected: State updated in localStorage and sent to backend API for question 53</system-out>
    </testcase>
    <testcase id="TS_SEL_054" name="Verify onboarding wizard saves progress when user completes questionnaire segment 4 under moderate asthma profile (Case 54)" classname="qa.tests.selenium.Onboarding" time="0.711">
      <system-out>Preconditions: User is registered and redirected to onboarding questionnaire segment 54
Steps: 1. Start onboarding questionnaire
2. Select answers for group 54
3. Click next step.
Expected: State updated in localStorage and sent to backend API for question 54</system-out>
    </testcase>
    <testcase id="TS_SEL_055" name="Verify onboarding wizard saves progress when user completes questionnaire segment 5 under severe asthma profile (Case 55)" classname="qa.tests.selenium.Onboarding" time="0.179">
      <system-out>Preconditions: User is registered and redirected to onboarding questionnaire segment 55
Steps: 1. Start onboarding questionnaire
2. Select answers for group 55
3. Click next step.
Expected: State updated in localStorage and sent to backend API for question 55</system-out>
    </testcase>
    <testcase id="TS_SEL_056" name="Verify onboarding wizard saves progress when user completes questionnaire segment 6 under mild asthma profile (Case 56)" classname="qa.tests.selenium.Onboarding" time="0.203">
      <system-out>Preconditions: User is registered and redirected to onboarding questionnaire segment 56
Steps: 1. Start onboarding questionnaire
2. Select answers for group 56
3. Click next step.
Expected: State updated in localStorage and sent to backend API for question 56</system-out>
    </testcase>
    <testcase id="TS_SEL_057" name="Verify onboarding wizard saves progress when user completes questionnaire segment 7 under moderate asthma profile (Case 57)" classname="qa.tests.selenium.Onboarding" time="0.931">
      <system-out>Preconditions: User is registered and redirected to onboarding questionnaire segment 57
Steps: 1. Start onboarding questionnaire
2. Select answers for group 57
3. Click next step.
Expected: State updated in localStorage and sent to backend API for question 57</system-out>
    </testcase>
    <testcase id="TS_SEL_058" name="Verify onboarding wizard saves progress when user completes questionnaire segment 8 under severe asthma profile (Case 58)" classname="qa.tests.selenium.Onboarding" time="0.631">
      <system-out>Preconditions: User is registered and redirected to onboarding questionnaire segment 58
Steps: 1. Start onboarding questionnaire
2. Select answers for group 58
3. Click next step.
Expected: State updated in localStorage and sent to backend API for question 58</system-out>
    </testcase>
    <testcase id="TS_SEL_059" name="Verify onboarding wizard saves progress when user completes questionnaire segment 9 under mild asthma profile (Case 59)" classname="qa.tests.selenium.Onboarding" time="1.155">
      <system-out>Preconditions: User is registered and redirected to onboarding questionnaire segment 59
Steps: 1. Start onboarding questionnaire
2. Select answers for group 59
3. Click next step.
Expected: State updated in localStorage and sent to backend API for question 59</system-out>
    </testcase>
    <testcase id="TS_SEL_060" name="Verify onboarding wizard saves progress when user completes questionnaire segment 10 under moderate asthma profile (Case 60)" classname="qa.tests.selenium.Onboarding" time="0.421">
      <system-out>Preconditions: User is registered and redirected to onboarding questionnaire segment 60
Steps: 1. Start onboarding questionnaire
2. Select answers for group 60
3. Click next step.
Expected: State updated in localStorage and sent to backend API for question 60</system-out>
    </testcase>
    <testcase id="TS_SEL_061" name="Verify onboarding wizard saves progress when user completes questionnaire segment 11 under severe asthma profile (Case 61)" classname="qa.tests.selenium.Onboarding" time="0.754">
      <system-out>Preconditions: User is registered and redirected to onboarding questionnaire segment 61
Steps: 1. Start onboarding questionnaire
2. Select answers for group 61
3. Click next step.
Expected: State updated in localStorage and sent to backend API for question 61</system-out>
    </testcase>
    <testcase id="TS_SEL_062" name="Verify onboarding wizard saves progress when user completes questionnaire segment 12 under mild asthma profile (Case 62)" classname="qa.tests.selenium.Onboarding" time="0.649">
      <system-out>Preconditions: User is registered and redirected to onboarding questionnaire segment 62
Steps: 1. Start onboarding questionnaire
2. Select answers for group 62
3. Click next step.
Expected: State updated in localStorage and sent to backend API for question 62</system-out>
    </testcase>
    <testcase id="TS_SEL_063" name="Verify onboarding wizard saves progress when user completes questionnaire segment 13 under moderate asthma profile (Case 63)" classname="qa.tests.selenium.Onboarding" time="0.867">
      <system-out>Preconditions: User is registered and redirected to onboarding questionnaire segment 63
Steps: 1. Start onboarding questionnaire
2. Select answers for group 63
3. Click next step.
Expected: State updated in localStorage and sent to backend API for question 63</system-out>
    </testcase>
    <testcase id="TS_SEL_064" name="Verify onboarding wizard saves progress when user completes questionnaire segment 14 under severe asthma profile (Case 64)" classname="qa.tests.selenium.Onboarding" time="0.270">
      <system-out>Preconditions: User is registered and redirected to onboarding questionnaire segment 64
Steps: 1. Start onboarding questionnaire
2. Select answers for group 64
3. Click next step.
Expected: State updated in localStorage and sent to backend API for question 64</system-out>
    </testcase>
    <testcase id="TS_SEL_065" name="Verify onboarding wizard saves progress when user completes questionnaire segment 15 under mild asthma profile (Case 65)" classname="qa.tests.selenium.Onboarding" time="0.433">
      <system-out>Preconditions: User is registered and redirected to onboarding questionnaire segment 65
Steps: 1. Start onboarding questionnaire
2. Select answers for group 65
3. Click next step.
Expected: State updated in localStorage and sent to backend API for question 65</system-out>
    </testcase>
    <testcase id="TS_SEL_066" name="Verify onboarding wizard saves progress when user completes questionnaire segment 16 under moderate asthma profile (Case 66)" classname="qa.tests.selenium.Onboarding" time="0.511">
      <system-out>Preconditions: User is registered and redirected to onboarding questionnaire segment 66
Steps: 1. Start onboarding questionnaire
2. Select answers for group 66
3. Click next step.
Expected: State updated in localStorage and sent to backend API for question 66</system-out>
    </testcase>
    <testcase id="TS_SEL_067" name="Verify onboarding wizard saves progress when user completes questionnaire segment 17 under severe asthma profile (Case 67)" classname="qa.tests.selenium.Onboarding" time="1.066">
      <system-out>Preconditions: User is registered and redirected to onboarding questionnaire segment 67
Steps: 1. Start onboarding questionnaire
2. Select answers for group 67
3. Click next step.
Expected: State updated in localStorage and sent to backend API for question 67</system-out>
    </testcase>
    <testcase id="TS_SEL_068" name="Verify onboarding wizard saves progress when user completes questionnaire segment 18 under mild asthma profile (Case 68)" classname="qa.tests.selenium.Onboarding" time="0.602">
      <system-out>Preconditions: User is registered and redirected to onboarding questionnaire segment 68
Steps: 1. Start onboarding questionnaire
2. Select answers for group 68
3. Click next step.
Expected: State updated in localStorage and sent to backend API for question 68</system-out>
    </testcase>
    <testcase id="TS_SEL_069" name="Verify onboarding wizard saves progress when user completes questionnaire segment 19 under moderate asthma profile (Case 69)" classname="qa.tests.selenium.Onboarding" time="0.605">
      <system-out>Preconditions: User is registered and redirected to onboarding questionnaire segment 69
Steps: 1. Start onboarding questionnaire
2. Select answers for group 69
3. Click next step.
Expected: State updated in localStorage and sent to backend API for question 69</system-out>
    </testcase>
    <testcase id="TS_SEL_070" name="Verify onboarding wizard saves progress when user completes questionnaire segment 20 under severe asthma profile (Case 70)" classname="qa.tests.selenium.Onboarding" time="0.230">
      <system-out>Preconditions: User is registered and redirected to onboarding questionnaire segment 70
Steps: 1. Start onboarding questionnaire
2. Select answers for group 70
3. Click next step.
Expected: State updated in localStorage and sent to backend API for question 70</system-out>
    </testcase>
    <testcase id="TS_SEL_071" name="Verify onboarding wizard saves progress when user completes questionnaire segment 21 under mild asthma profile (Case 71)" classname="qa.tests.selenium.Onboarding" time="0.358">
      <system-out>Preconditions: User is registered and redirected to onboarding questionnaire segment 71
Steps: 1. Start onboarding questionnaire
2. Select answers for group 71
3. Click next step.
Expected: State updated in localStorage and sent to backend API for question 71</system-out>
    </testcase>
    <testcase id="TS_SEL_072" name="Verify onboarding wizard saves progress when user completes questionnaire segment 22 under moderate asthma profile (Case 72)" classname="qa.tests.selenium.Onboarding" time="0.379">
      <system-out>Preconditions: User is registered and redirected to onboarding questionnaire segment 72
Steps: 1. Start onboarding questionnaire
2. Select answers for group 72
3. Click next step.
Expected: State updated in localStorage and sent to backend API for question 72</system-out>
    </testcase>
    <testcase id="TS_SEL_073" name="Verify onboarding wizard saves progress when user completes questionnaire segment 23 under severe asthma profile (Case 73)" classname="qa.tests.selenium.Onboarding" time="0.228">
      <system-out>Preconditions: User is registered and redirected to onboarding questionnaire segment 73
Steps: 1. Start onboarding questionnaire
2. Select answers for group 73
3. Click next step.
Expected: State updated in localStorage and sent to backend API for question 73</system-out>
    </testcase>
    <testcase id="TS_SEL_074" name="Verify onboarding wizard saves progress when user completes questionnaire segment 24 under mild asthma profile (Case 74)" classname="qa.tests.selenium.Onboarding" time="0.838">
      <system-out>Preconditions: User is registered and redirected to onboarding questionnaire segment 74
Steps: 1. Start onboarding questionnaire
2. Select answers for group 74
3. Click next step.
Expected: State updated in localStorage and sent to backend API for question 74</system-out>
    </testcase>
    <testcase id="TS_SEL_075" name="Verify onboarding wizard saves progress when user completes questionnaire segment 25 under moderate asthma profile (Case 75)" classname="qa.tests.selenium.Onboarding" time="1.080">
      <system-out>Preconditions: User is registered and redirected to onboarding questionnaire segment 75
Steps: 1. Start onboarding questionnaire
2. Select answers for group 75
3. Click next step.
Expected: State updated in localStorage and sent to backend API for question 75</system-out>
    </testcase>
    <testcase id="TS_SEL_076" name="Verify onboarding wizard saves progress when user completes questionnaire segment 26 under severe asthma profile (Case 76)" classname="qa.tests.selenium.Onboarding" time="0.785">
      <system-out>Preconditions: User is registered and redirected to onboarding questionnaire segment 76
Steps: 1. Start onboarding questionnaire
2. Select answers for group 76
3. Click next step.
Expected: State updated in localStorage and sent to backend API for question 76</system-out>
    </testcase>
    <testcase id="TS_SEL_077" name="Verify onboarding wizard saves progress when user completes questionnaire segment 27 under mild asthma profile (Case 77)" classname="qa.tests.selenium.Onboarding" time="0.965">
      <system-out>Preconditions: User is registered and redirected to onboarding questionnaire segment 77
Steps: 1. Start onboarding questionnaire
2. Select answers for group 77
3. Click next step.
Expected: State updated in localStorage and sent to backend API for question 77</system-out>
    </testcase>
    <testcase id="TS_SEL_078" name="Verify onboarding wizard saves progress when user completes questionnaire segment 28 under moderate asthma profile (Case 78)" classname="qa.tests.selenium.Onboarding" time="0.447">
      <system-out>Preconditions: User is registered and redirected to onboarding questionnaire segment 78
Steps: 1. Start onboarding questionnaire
2. Select answers for group 78
3. Click next step.
Expected: State updated in localStorage and sent to backend API for question 78</system-out>
    </testcase>
    <testcase id="TS_SEL_079" name="Verify onboarding wizard saves progress when user completes questionnaire segment 29 under severe asthma profile (Case 79)" classname="qa.tests.selenium.Onboarding" time="0.990">
      <system-out>Preconditions: User is registered and redirected to onboarding questionnaire segment 79
Steps: 1. Start onboarding questionnaire
2. Select answers for group 79
3. Click next step.
Expected: State updated in localStorage and sent to backend API for question 79</system-out>
    </testcase>
    <testcase id="TS_SEL_080" name="Verify onboarding wizard saves progress when user completes questionnaire segment 30 under mild asthma profile (Case 80)" classname="qa.tests.selenium.Onboarding" time="0.246">
      <system-out>Preconditions: User is registered and redirected to onboarding questionnaire segment 80
Steps: 1. Start onboarding questionnaire
2. Select answers for group 80
3. Click next step.
Expected: State updated in localStorage and sent to backend API for question 80</system-out>
    </testcase>
    <testcase id="TS_SEL_081" name="Verify onboarding wizard saves progress when user completes questionnaire segment 31 under moderate asthma profile (Case 81)" classname="qa.tests.selenium.Onboarding" time="0.118">
      <system-out>Preconditions: User is registered and redirected to onboarding questionnaire segment 81
Steps: 1. Start onboarding questionnaire
2. Select answers for group 81
3. Click next step.
Expected: State updated in localStorage and sent to backend API for question 81</system-out>
    </testcase>
    <testcase id="TS_SEL_082" name="Verify onboarding wizard saves progress when user completes questionnaire segment 32 under severe asthma profile (Case 82)" classname="qa.tests.selenium.Onboarding" time="0.057">
      <system-out>Preconditions: User is registered and redirected to onboarding questionnaire segment 82
Steps: 1. Start onboarding questionnaire
2. Select answers for group 82
3. Click next step.
Expected: State updated in localStorage and sent to backend API for question 82</system-out>
    </testcase>
    <testcase id="TS_SEL_083" name="Verify onboarding wizard saves progress when user completes questionnaire segment 33 under mild asthma profile (Case 83)" classname="qa.tests.selenium.Onboarding" time="0.178">
      <system-out>Preconditions: User is registered and redirected to onboarding questionnaire segment 83
Steps: 1. Start onboarding questionnaire
2. Select answers for group 83
3. Click next step.
Expected: State updated in localStorage and sent to backend API for question 83</system-out>
    </testcase>
    <testcase id="TS_SEL_084" name="Verify onboarding wizard saves progress when user completes questionnaire segment 34 under moderate asthma profile (Case 84)" classname="qa.tests.selenium.Onboarding" time="0.468">
      <system-out>Preconditions: User is registered and redirected to onboarding questionnaire segment 84
Steps: 1. Start onboarding questionnaire
2. Select answers for group 84
3. Click next step.
Expected: State updated in localStorage and sent to backend API for question 84</system-out>
    </testcase>
    <testcase id="TS_SEL_085" name="Verify onboarding wizard saves progress when user completes questionnaire segment 35 under severe asthma profile (Case 85)" classname="qa.tests.selenium.Onboarding" time="0.349">
      <system-out>Preconditions: User is registered and redirected to onboarding questionnaire segment 85
Steps: 1. Start onboarding questionnaire
2. Select answers for group 85
3. Click next step.
Expected: State updated in localStorage and sent to backend API for question 85</system-out>
    </testcase>
    <testcase id="TS_SEL_086" name="Verify onboarding wizard saves progress when user completes questionnaire segment 36 under mild asthma profile (Case 86)" classname="qa.tests.selenium.Onboarding" time="1.177">
      <system-out>Preconditions: User is registered and redirected to onboarding questionnaire segment 86
Steps: 1. Start onboarding questionnaire
2. Select answers for group 86
3. Click next step.
Expected: State updated in localStorage and sent to backend API for question 86</system-out>
    </testcase>
    <testcase id="TS_SEL_087" name="Verify onboarding wizard saves progress when user completes questionnaire segment 37 under moderate asthma profile (Case 87)" classname="qa.tests.selenium.Onboarding" time="0.280">
      <system-out>Preconditions: User is registered and redirected to onboarding questionnaire segment 87
Steps: 1. Start onboarding questionnaire
2. Select answers for group 87
3. Click next step.
Expected: State updated in localStorage and sent to backend API for question 87</system-out>
    </testcase>
    <testcase id="TS_SEL_088" name="Verify onboarding wizard saves progress when user completes questionnaire segment 38 under severe asthma profile (Case 88)" classname="qa.tests.selenium.Onboarding" time="0.364">
      <system-out>Preconditions: User is registered and redirected to onboarding questionnaire segment 88
Steps: 1. Start onboarding questionnaire
2. Select answers for group 88
3. Click next step.
Expected: State updated in localStorage and sent to backend API for question 88</system-out>
    </testcase>
    <testcase id="TS_SEL_089" name="Verify onboarding wizard saves progress when user completes questionnaire segment 39 under mild asthma profile (Case 89)" classname="qa.tests.selenium.Onboarding" time="0.959">
      <system-out>Preconditions: User is registered and redirected to onboarding questionnaire segment 89
Steps: 1. Start onboarding questionnaire
2. Select answers for group 89
3. Click next step.
Expected: State updated in localStorage and sent to backend API for question 89</system-out>
    </testcase>
    <testcase id="TS_SEL_090" name="Verify onboarding wizard saves progress when user completes questionnaire segment 40 under moderate asthma profile (Case 90)" classname="qa.tests.selenium.Onboarding" time="0.564">
      <system-out>Preconditions: User is registered and redirected to onboarding questionnaire segment 90
Steps: 1. Start onboarding questionnaire
2. Select answers for group 90
3. Click next step.
Expected: State updated in localStorage and sent to backend API for question 90</system-out>
    </testcase>
    <testcase id="TS_SEL_091" name="Verify dashboard widget Breathing Exercise shortcut renders correctly with populated history on setup 91" classname="qa.tests.selenium.Dashboard" time="0.763">
      <system-out>Preconditions: User is authenticated and on dashboard page setup 91
Steps: 1. Load home page
2. Find target widget Breathing Exercise shortcut
3. Click refresh/interact element 91.
Expected: Widget animations run smoothly, data corresponds to user account state 91</system-out>
    </testcase>
    <testcase id="TS_SEL_092" name="Verify dashboard widget Symptom History List renders correctly with invalid state on setup 92" classname="qa.tests.selenium.Dashboard" time="1.128">
      <system-out>Preconditions: User is authenticated and on dashboard page setup 92
Steps: 1. Load home page
2. Find target widget Symptom History List
3. Click refresh/interact element 92.
Expected: Widget animations run smoothly, data corresponds to user account state 92</system-out>
    </testcase>
    <testcase id="TS_SEL_093" name="Verify dashboard widget Emergency Contact Button renders correctly with active notifications on setup 93" classname="qa.tests.selenium.Dashboard" time="1.120">
      <system-out>Preconditions: User is authenticated and on dashboard page setup 93
Steps: 1. Load home page
2. Find target widget Emergency Contact Button
3. Click refresh/interact element 93.
Expected: Widget animations run smoothly, data corresponds to user account state 93</system-out>
    </testcase>
    <testcase id="TS_SEL_094" name="Verify dashboard widget Streak Card renders correctly with empty log data on setup 94" classname="qa.tests.selenium.Dashboard" time="0.574">
      <system-out>Preconditions: User is authenticated and on dashboard page setup 94
Steps: 1. Load home page
2. Find target widget Streak Card
3. Click refresh/interact element 94.
Expected: Widget animations run smoothly, data corresponds to user account state 94</system-out>
    </testcase>
    <testcase id="TS_SEL_095" name="Verify dashboard widget Breathing Exercise shortcut renders correctly with populated history on setup 95" classname="qa.tests.selenium.Dashboard" time="0.934">
      <system-out>Preconditions: User is authenticated and on dashboard page setup 95
Steps: 1. Load home page
2. Find target widget Breathing Exercise shortcut
3. Click refresh/interact element 95.
Expected: Widget animations run smoothly, data corresponds to user account state 95</system-out>
    </testcase>
    <testcase id="TS_SEL_096" name="Verify dashboard widget Symptom History List renders correctly with invalid state on setup 96" classname="qa.tests.selenium.Dashboard" time="0.855">
      <system-out>Preconditions: User is authenticated and on dashboard page setup 96
Steps: 1. Load home page
2. Find target widget Symptom History List
3. Click refresh/interact element 96.
Expected: Widget animations run smoothly, data corresponds to user account state 96</system-out>
    </testcase>
    <testcase id="TS_SEL_097" name="Verify dashboard widget Emergency Contact Button renders correctly with active notifications on setup 97" classname="qa.tests.selenium.Dashboard" time="0.942">
      <system-out>Preconditions: User is authenticated and on dashboard page setup 97
Steps: 1. Load home page
2. Find target widget Emergency Contact Button
3. Click refresh/interact element 97.
Expected: Widget animations run smoothly, data corresponds to user account state 97</system-out>
    </testcase>
    <testcase id="TS_SEL_098" name="Verify dashboard widget Streak Card renders correctly with empty log data on setup 98" classname="qa.tests.selenium.Dashboard" time="1.148">
      <system-out>Preconditions: User is authenticated and on dashboard page setup 98
Steps: 1. Load home page
2. Find target widget Streak Card
3. Click refresh/interact element 98.
Expected: Widget animations run smoothly, data corresponds to user account state 98</system-out>
    </testcase>
    <testcase id="TS_SEL_099" name="Verify dashboard widget Breathing Exercise shortcut renders correctly with populated history on setup 99" classname="qa.tests.selenium.Dashboard" time="0.966">
      <system-out>Preconditions: User is authenticated and on dashboard page setup 99
Steps: 1. Load home page
2. Find target widget Breathing Exercise shortcut
3. Click refresh/interact element 99.
Expected: Widget animations run smoothly, data corresponds to user account state 99</system-out>
    </testcase>
    <testcase id="TS_SEL_100" name="Verify dashboard widget Symptom History List renders correctly with invalid state on setup 100" classname="qa.tests.selenium.Dashboard" time="1.036">
      <system-out>Preconditions: User is authenticated and on dashboard page setup 100
Steps: 1. Load home page
2. Find target widget Symptom History List
3. Click refresh/interact element 100.
Expected: Widget animations run smoothly, data corresponds to user account state 100</system-out>
    </testcase>
    <testcase id="TS_SEL_101" name="Verify dashboard widget Emergency Contact Button renders correctly with active notifications on setup 101" classname="qa.tests.selenium.Dashboard" time="0.785">
      <system-out>Preconditions: User is authenticated and on dashboard page setup 101
Steps: 1. Load home page
2. Find target widget Emergency Contact Button
3. Click refresh/interact element 101.
Expected: Widget animations run smoothly, data corresponds to user account state 101</system-out>
    </testcase>
    <testcase id="TS_SEL_102" name="Verify dashboard widget Streak Card renders correctly with empty log data on setup 102" classname="qa.tests.selenium.Dashboard" time="0.941">
      <system-out>Preconditions: User is authenticated and on dashboard page setup 102
Steps: 1. Load home page
2. Find target widget Streak Card
3. Click refresh/interact element 102.
Expected: Widget animations run smoothly, data corresponds to user account state 102</system-out>
    </testcase>
    <testcase id="TS_SEL_103" name="Verify dashboard widget Breathing Exercise shortcut renders correctly with populated history on setup 103" classname="qa.tests.selenium.Dashboard" time="0.329">
      <system-out>Preconditions: User is authenticated and on dashboard page setup 103
Steps: 1. Load home page
2. Find target widget Breathing Exercise shortcut
3. Click refresh/interact element 103.
Expected: Widget animations run smoothly, data corresponds to user account state 103</system-out>
    </testcase>
    <testcase id="TS_SEL_104" name="Verify dashboard widget Symptom History List renders correctly with invalid state on setup 104" classname="qa.tests.selenium.Dashboard" time="1.088">
      <system-out>Preconditions: User is authenticated and on dashboard page setup 104
Steps: 1. Load home page
2. Find target widget Symptom History List
3. Click refresh/interact element 104.
Expected: Widget animations run smoothly, data corresponds to user account state 104</system-out>
    </testcase>
    <testcase id="TS_SEL_105" name="Verify dashboard widget Emergency Contact Button renders correctly with active notifications on setup 105" classname="qa.tests.selenium.Dashboard" time="0.186">
      <system-out>Preconditions: User is authenticated and on dashboard page setup 105
Steps: 1. Load home page
2. Find target widget Emergency Contact Button
3. Click refresh/interact element 105.
Expected: Widget animations run smoothly, data corresponds to user account state 105</system-out>
    </testcase>
    <testcase id="TS_SEL_106" name="Verify dashboard widget Streak Card renders correctly with empty log data on setup 106" classname="qa.tests.selenium.Dashboard" time="0.443">
      <system-out>Preconditions: User is authenticated and on dashboard page setup 106
Steps: 1. Load home page
2. Find target widget Streak Card
3. Click refresh/interact element 106.
Expected: Widget animations run smoothly, data corresponds to user account state 106</system-out>
    </testcase>
    <testcase id="TS_SEL_107" name="Verify dashboard widget Breathing Exercise shortcut renders correctly with populated history on setup 107" classname="qa.tests.selenium.Dashboard" time="1.113">
      <system-out>Preconditions: User is authenticated and on dashboard page setup 107
Steps: 1. Load home page
2. Find target widget Breathing Exercise shortcut
3. Click refresh/interact element 107.
Expected: Widget animations run smoothly, data corresponds to user account state 107</system-out>
    </testcase>
    <testcase id="TS_SEL_108" name="Verify dashboard widget Symptom History List renders correctly with invalid state on setup 108" classname="qa.tests.selenium.Dashboard" time="0.759">
      <system-out>Preconditions: User is authenticated and on dashboard page setup 108
Steps: 1. Load home page
2. Find target widget Symptom History List
3. Click refresh/interact element 108.
Expected: Widget animations run smoothly, data corresponds to user account state 108</system-out>
    </testcase>
    <testcase id="TS_SEL_109" name="Verify dashboard widget Emergency Contact Button renders correctly with active notifications on setup 109" classname="qa.tests.selenium.Dashboard" time="0.958">
      <system-out>Preconditions: User is authenticated and on dashboard page setup 109
Steps: 1. Load home page
2. Find target widget Emergency Contact Button
3. Click refresh/interact element 109.
Expected: Widget animations run smoothly, data corresponds to user account state 109</system-out>
    </testcase>
    <testcase id="TS_SEL_110" name="Verify dashboard widget Streak Card renders correctly with empty log data on setup 110" classname="qa.tests.selenium.Dashboard" time="0.598">
      <system-out>Preconditions: User is authenticated and on dashboard page setup 110
Steps: 1. Load home page
2. Find target widget Streak Card
3. Click refresh/interact element 110.
Expected: Widget animations run smoothly, data corresponds to user account state 110</system-out>
    </testcase>
    <testcase id="TS_SEL_111" name="Verify dashboard widget Breathing Exercise shortcut renders correctly with populated history on setup 111" classname="qa.tests.selenium.Dashboard" time="1.030">
      <system-out>Preconditions: User is authenticated and on dashboard page setup 111
Steps: 1. Load home page
2. Find target widget Breathing Exercise shortcut
3. Click refresh/interact element 111.
Expected: Widget animations run smoothly, data corresponds to user account state 111</system-out>
    </testcase>
    <testcase id="TS_SEL_112" name="Verify dashboard widget Symptom History List renders correctly with invalid state on setup 112" classname="qa.tests.selenium.Dashboard" time="0.750">
      <system-out>Preconditions: User is authenticated and on dashboard page setup 112
Steps: 1. Load home page
2. Find target widget Symptom History List
3. Click refresh/interact element 112.
Expected: Widget animations run smoothly, data corresponds to user account state 112</system-out>
    </testcase>
    <testcase id="TS_SEL_113" name="Verify dashboard widget Emergency Contact Button renders correctly with active notifications on setup 113" classname="qa.tests.selenium.Dashboard" time="0.267">
      <system-out>Preconditions: User is authenticated and on dashboard page setup 113
Steps: 1. Load home page
2. Find target widget Emergency Contact Button
3. Click refresh/interact element 113.
Expected: Widget animations run smoothly, data corresponds to user account state 113</system-out>
    </testcase>
    <testcase id="TS_SEL_114" name="Verify dashboard widget Streak Card renders correctly with empty log data on setup 114" classname="qa.tests.selenium.Dashboard" time="0.390">
      <system-out>Preconditions: User is authenticated and on dashboard page setup 114
Steps: 1. Load home page
2. Find target widget Streak Card
3. Click refresh/interact element 114.
Expected: Widget animations run smoothly, data corresponds to user account state 114</system-out>
    </testcase>
    <testcase id="TS_SEL_115" name="Verify dashboard widget Breathing Exercise shortcut renders correctly with populated history on setup 115" classname="qa.tests.selenium.Dashboard" time="1.108">
      <system-out>Preconditions: User is authenticated and on dashboard page setup 115
Steps: 1. Load home page
2. Find target widget Breathing Exercise shortcut
3. Click refresh/interact element 115.
Expected: Widget animations run smoothly, data corresponds to user account state 115</system-out>
    </testcase>
    <testcase id="TS_SEL_116" name="Verify dashboard widget Symptom History List renders correctly with invalid state on setup 116" classname="qa.tests.selenium.Dashboard" time="0.916">
      <system-out>Preconditions: User is authenticated and on dashboard page setup 116
Steps: 1. Load home page
2. Find target widget Symptom History List
3. Click refresh/interact element 116.
Expected: Widget animations run smoothly, data corresponds to user account state 116</system-out>
    </testcase>
    <testcase id="TS_SEL_117" name="Verify dashboard widget Emergency Contact Button renders correctly with active notifications on setup 117" classname="qa.tests.selenium.Dashboard" time="0.907">
      <system-out>Preconditions: User is authenticated and on dashboard page setup 117
Steps: 1. Load home page
2. Find target widget Emergency Contact Button
3. Click refresh/interact element 117.
Expected: Widget animations run smoothly, data corresponds to user account state 117</system-out>
    </testcase>
    <testcase id="TS_SEL_118" name="Verify dashboard widget Streak Card renders correctly with empty log data on setup 118" classname="qa.tests.selenium.Dashboard" time="0.532">
      <system-out>Preconditions: User is authenticated and on dashboard page setup 118
Steps: 1. Load home page
2. Find target widget Streak Card
3. Click refresh/interact element 118.
Expected: Widget animations run smoothly, data corresponds to user account state 118</system-out>
    </testcase>
    <testcase id="TS_SEL_119" name="Verify dashboard widget Breathing Exercise shortcut renders correctly with populated history on setup 119" classname="qa.tests.selenium.Dashboard" time="0.202">
      <system-out>Preconditions: User is authenticated and on dashboard page setup 119
Steps: 1. Load home page
2. Find target widget Breathing Exercise shortcut
3. Click refresh/interact element 119.
Expected: Widget animations run smoothly, data corresponds to user account state 119</system-out>
    </testcase>
    <testcase id="TS_SEL_120" name="Verify dashboard widget Symptom History List renders correctly with invalid state on setup 120" classname="qa.tests.selenium.Dashboard" time="0.377">
      <system-out>Preconditions: User is authenticated and on dashboard page setup 120
Steps: 1. Load home page
2. Find target widget Symptom History List
3. Click refresh/interact element 120.
Expected: Widget animations run smoothly, data corresponds to user account state 120</system-out>
    </testcase>
    <testcase id="TS_SEL_121" name="Verify dashboard widget Emergency Contact Button renders correctly with active notifications on setup 121" classname="qa.tests.selenium.Dashboard" time="1.162">
      <system-out>Preconditions: User is authenticated and on dashboard page setup 121
Steps: 1. Load home page
2. Find target widget Emergency Contact Button
3. Click refresh/interact element 121.
Expected: Widget animations run smoothly, data corresponds to user account state 121</system-out>
    </testcase>
    <testcase id="TS_SEL_122" name="Verify dashboard widget Streak Card renders correctly with empty log data on setup 122" classname="qa.tests.selenium.Dashboard" time="0.331">
      <system-out>Preconditions: User is authenticated and on dashboard page setup 122
Steps: 1. Load home page
2. Find target widget Streak Card
3. Click refresh/interact element 122.
Expected: Widget animations run smoothly, data corresponds to user account state 122</system-out>
    </testcase>
    <testcase id="TS_SEL_123" name="Verify dashboard widget Breathing Exercise shortcut renders correctly with populated history on setup 123" classname="qa.tests.selenium.Dashboard" time="0.187">
      <system-out>Preconditions: User is authenticated and on dashboard page setup 123
Steps: 1. Load home page
2. Find target widget Breathing Exercise shortcut
3. Click refresh/interact element 123.
Expected: Widget animations run smoothly, data corresponds to user account state 123</system-out>
    </testcase>
    <testcase id="TS_SEL_124" name="Verify dashboard widget Symptom History List renders correctly with invalid state on setup 124" classname="qa.tests.selenium.Dashboard" time="1.176">
      <system-out>Preconditions: User is authenticated and on dashboard page setup 124
Steps: 1. Load home page
2. Find target widget Symptom History List
3. Click refresh/interact element 124.
Expected: Widget animations run smoothly, data corresponds to user account state 124</system-out>
    </testcase>
    <testcase id="TS_SEL_125" name="Verify dashboard widget Emergency Contact Button renders correctly with active notifications on setup 125" classname="qa.tests.selenium.Dashboard" time="0.499">
      <system-out>Preconditions: User is authenticated and on dashboard page setup 125
Steps: 1. Load home page
2. Find target widget Emergency Contact Button
3. Click refresh/interact element 125.
Expected: Widget animations run smoothly, data corresponds to user account state 125</system-out>
    </testcase>
    <testcase id="TS_SEL_126" name="Verify dashboard widget Streak Card renders correctly with empty log data on setup 126" classname="qa.tests.selenium.Dashboard" time="0.261">
      <system-out>Preconditions: User is authenticated and on dashboard page setup 126
Steps: 1. Load home page
2. Find target widget Streak Card
3. Click refresh/interact element 126.
Expected: Widget animations run smoothly, data corresponds to user account state 126</system-out>
    </testcase>
    <testcase id="TS_SEL_127" name="Verify dashboard widget Breathing Exercise shortcut renders correctly with populated history on setup 127" classname="qa.tests.selenium.Dashboard" time="0.143">
      <system-out>Preconditions: User is authenticated and on dashboard page setup 127
Steps: 1. Load home page
2. Find target widget Breathing Exercise shortcut
3. Click refresh/interact element 127.
Expected: Widget animations run smoothly, data corresponds to user account state 127</system-out>
    </testcase>
    <testcase id="TS_SEL_128" name="Verify dashboard widget Symptom History List renders correctly with invalid state on setup 128" classname="qa.tests.selenium.Dashboard" time="0.533">
      <system-out>Preconditions: User is authenticated and on dashboard page setup 128
Steps: 1. Load home page
2. Find target widget Symptom History List
3. Click refresh/interact element 128.
Expected: Widget animations run smoothly, data corresponds to user account state 128</system-out>
    </testcase>
    <testcase id="TS_SEL_129" name="Verify dashboard widget Emergency Contact Button renders correctly with active notifications on setup 129" classname="qa.tests.selenium.Dashboard" time="0.506">
      <system-out>Preconditions: User is authenticated and on dashboard page setup 129
Steps: 1. Load home page
2. Find target widget Emergency Contact Button
3. Click refresh/interact element 129.
Expected: Widget animations run smoothly, data corresponds to user account state 129</system-out>
    </testcase>
    <testcase id="TS_SEL_130" name="Verify dashboard widget Streak Card renders correctly with empty log data on setup 130" classname="qa.tests.selenium.Dashboard" time="0.436">
      <system-out>Preconditions: User is authenticated and on dashboard page setup 130
Steps: 1. Load home page
2. Find target widget Streak Card
3. Click refresh/interact element 130.
Expected: Widget animations run smoothly, data corresponds to user account state 130</system-out>
    </testcase>
    <testcase id="TS_SEL_131" name="Verify breathing exercise timer for Pursed Lip Exhale calculates cycles correctly with customized parameter 131" classname="qa.tests.selenium.BreathingExercises" time="0.735">
      <system-out>Preconditions: User has loaded breathing exercise screen for session 131
Steps: 1. Click start breathing session
2. Observe target orb scale transitions for session 131
3. Wait for timer completion.
Expected: Timer triggers cycles, client records completion log 131 upon session end</system-out>
    </testcase>
    <testcase id="TS_SEL_132" name="Verify breathing exercise timer for Diaphragmatic Calm calculates cycles correctly with customized parameter 132" classname="qa.tests.selenium.BreathingExercises" time="0.592">
      <system-out>Preconditions: User has loaded breathing exercise screen for session 132
Steps: 1. Click start breathing session
2. Observe target orb scale transitions for session 132
3. Wait for timer completion.
Expected: Timer triggers cycles, client records completion log 132 upon session end</system-out>
    </testcase>
    <testcase id="TS_SEL_133" name="Verify breathing exercise timer for Belly Breathing calculates cycles correctly with customized parameter 133" classname="qa.tests.selenium.BreathingExercises" time="0.684">
      <system-out>Preconditions: User has loaded breathing exercise screen for session 133
Steps: 1. Click start breathing session
2. Observe target orb scale transitions for session 133
3. Wait for timer completion.
Expected: Timer triggers cycles, client records completion log 133 upon session end</system-out>
    </testcase>
    <testcase id="TS_SEL_134" name="Verify breathing exercise timer for Box Breathing calculates cycles correctly with customized parameter 134" classname="qa.tests.selenium.BreathingExercises" time="0.343">
      <system-out>Preconditions: User has loaded breathing exercise screen for session 134
Steps: 1. Click start breathing session
2. Observe target orb scale transitions for session 134
3. Wait for timer completion.
Expected: Timer triggers cycles, client records completion log 134 upon session end</system-out>
    </testcase>
    <testcase id="TS_SEL_135" name="Verify breathing exercise timer for Pursed Lip Exhale calculates cycles correctly with customized parameter 135" classname="qa.tests.selenium.BreathingExercises" time="0.669">
      <system-out>Preconditions: User has loaded breathing exercise screen for session 135
Steps: 1. Click start breathing session
2. Observe target orb scale transitions for session 135
3. Wait for timer completion.
Expected: Timer triggers cycles, client records completion log 135 upon session end</system-out>
    </testcase>
    <testcase id="TS_SEL_136" name="Verify breathing exercise timer for Diaphragmatic Calm calculates cycles correctly with customized parameter 136" classname="qa.tests.selenium.BreathingExercises" time="1.065">
      <system-out>Preconditions: User has loaded breathing exercise screen for session 136
Steps: 1. Click start breathing session
2. Observe target orb scale transitions for session 136
3. Wait for timer completion.
Expected: Timer triggers cycles, client records completion log 136 upon session end</system-out>
    </testcase>
    <testcase id="TS_SEL_137" name="Verify breathing exercise timer for Belly Breathing calculates cycles correctly with customized parameter 137" classname="qa.tests.selenium.BreathingExercises" time="1.007">
      <system-out>Preconditions: User has loaded breathing exercise screen for session 137
Steps: 1. Click start breathing session
2. Observe target orb scale transitions for session 137
3. Wait for timer completion.
Expected: Timer triggers cycles, client records completion log 137 upon session end</system-out>
    </testcase>
    <testcase id="TS_SEL_138" name="Verify breathing exercise timer for Box Breathing calculates cycles correctly with customized parameter 138" classname="qa.tests.selenium.BreathingExercises" time="0.970">
      <system-out>Preconditions: User has loaded breathing exercise screen for session 138
Steps: 1. Click start breathing session
2. Observe target orb scale transitions for session 138
3. Wait for timer completion.
Expected: Timer triggers cycles, client records completion log 138 upon session end</system-out>
    </testcase>
    <testcase id="TS_SEL_139" name="Verify breathing exercise timer for Pursed Lip Exhale calculates cycles correctly with customized parameter 139" classname="qa.tests.selenium.BreathingExercises" time="1.141">
      <system-out>Preconditions: User has loaded breathing exercise screen for session 139
Steps: 1. Click start breathing session
2. Observe target orb scale transitions for session 139
3. Wait for timer completion.
Expected: Timer triggers cycles, client records completion log 139 upon session end</system-out>
    </testcase>
    <testcase id="TS_SEL_140" name="Verify breathing exercise timer for Diaphragmatic Calm calculates cycles correctly with customized parameter 140" classname="qa.tests.selenium.BreathingExercises" time="0.562">
      <system-out>Preconditions: User has loaded breathing exercise screen for session 140
Steps: 1. Click start breathing session
2. Observe target orb scale transitions for session 140
3. Wait for timer completion.
Expected: Timer triggers cycles, client records completion log 140 upon session end</system-out>
    </testcase>
    <testcase id="TS_SEL_141" name="Verify breathing exercise timer for Belly Breathing calculates cycles correctly with customized parameter 141" classname="qa.tests.selenium.BreathingExercises" time="1.021">
      <system-out>Preconditions: User has loaded breathing exercise screen for session 141
Steps: 1. Click start breathing session
2. Observe target orb scale transitions for session 141
3. Wait for timer completion.
Expected: Timer triggers cycles, client records completion log 141 upon session end</system-out>
    </testcase>
    <testcase id="TS_SEL_142" name="Verify breathing exercise timer for Box Breathing calculates cycles correctly with customized parameter 142" classname="qa.tests.selenium.BreathingExercises" time="0.956">
      <system-out>Preconditions: User has loaded breathing exercise screen for session 142
Steps: 1. Click start breathing session
2. Observe target orb scale transitions for session 142
3. Wait for timer completion.
Expected: Timer triggers cycles, client records completion log 142 upon session end</system-out>
    </testcase>
    <testcase id="TS_SEL_143" name="Verify breathing exercise timer for Pursed Lip Exhale calculates cycles correctly with customized parameter 143" classname="qa.tests.selenium.BreathingExercises" time="0.377">
      <system-out>Preconditions: User has loaded breathing exercise screen for session 143
Steps: 1. Click start breathing session
2. Observe target orb scale transitions for session 143
3. Wait for timer completion.
Expected: Timer triggers cycles, client records completion log 143 upon session end</system-out>
    </testcase>
    <testcase id="TS_SEL_144" name="Verify breathing exercise timer for Diaphragmatic Calm calculates cycles correctly with customized parameter 144" classname="qa.tests.selenium.BreathingExercises" time="0.881">
      <system-out>Preconditions: User has loaded breathing exercise screen for session 144
Steps: 1. Click start breathing session
2. Observe target orb scale transitions for session 144
3. Wait for timer completion.
Expected: Timer triggers cycles, client records completion log 144 upon session end</system-out>
    </testcase>
    <testcase id="TS_SEL_145" name="Verify breathing exercise timer for Belly Breathing calculates cycles correctly with customized parameter 145" classname="qa.tests.selenium.BreathingExercises" time="0.909">
      <system-out>Preconditions: User has loaded breathing exercise screen for session 145
Steps: 1. Click start breathing session
2. Observe target orb scale transitions for session 145
3. Wait for timer completion.
Expected: Timer triggers cycles, client records completion log 145 upon session end</system-out>
    </testcase>
    <testcase id="TS_SEL_146" name="Verify breathing exercise timer for Box Breathing calculates cycles correctly with customized parameter 146" classname="qa.tests.selenium.BreathingExercises" time="0.686">
      <system-out>Preconditions: User has loaded breathing exercise screen for session 146
Steps: 1. Click start breathing session
2. Observe target orb scale transitions for session 146
3. Wait for timer completion.
Expected: Timer triggers cycles, client records completion log 146 upon session end</system-out>
    </testcase>
    <testcase id="TS_SEL_147" name="Verify breathing exercise timer for Pursed Lip Exhale calculates cycles correctly with customized parameter 147" classname="qa.tests.selenium.BreathingExercises" time="0.362">
      <system-out>Preconditions: User has loaded breathing exercise screen for session 147
Steps: 1. Click start breathing session
2. Observe target orb scale transitions for session 147
3. Wait for timer completion.
Expected: Timer triggers cycles, client records completion log 147 upon session end</system-out>
    </testcase>
    <testcase id="TS_SEL_148" name="Verify breathing exercise timer for Diaphragmatic Calm calculates cycles correctly with customized parameter 148" classname="qa.tests.selenium.BreathingExercises" time="1.073">
      <system-out>Preconditions: User has loaded breathing exercise screen for session 148
Steps: 1. Click start breathing session
2. Observe target orb scale transitions for session 148
3. Wait for timer completion.
Expected: Timer triggers cycles, client records completion log 148 upon session end</system-out>
    </testcase>
    <testcase id="TS_SEL_149" name="Verify breathing exercise timer for Belly Breathing calculates cycles correctly with customized parameter 149" classname="qa.tests.selenium.BreathingExercises" time="0.870">
      <system-out>Preconditions: User has loaded breathing exercise screen for session 149
Steps: 1. Click start breathing session
2. Observe target orb scale transitions for session 149
3. Wait for timer completion.
Expected: Timer triggers cycles, client records completion log 149 upon session end</system-out>
    </testcase>
    <testcase id="TS_SEL_150" name="Verify breathing exercise timer for Box Breathing calculates cycles correctly with customized parameter 150" classname="qa.tests.selenium.BreathingExercises" time="0.347">
      <system-out>Preconditions: User has loaded breathing exercise screen for session 150
Steps: 1. Click start breathing session
2. Observe target orb scale transitions for session 150
3. Wait for timer completion.
Expected: Timer triggers cycles, client records completion log 150 upon session end</system-out>
    </testcase>
    <testcase id="TS_SEL_151" name="Verify breathing exercise timer for Pursed Lip Exhale calculates cycles correctly with customized parameter 151" classname="qa.tests.selenium.BreathingExercises" time="0.729">
      <system-out>Preconditions: User has loaded breathing exercise screen for session 151
Steps: 1. Click start breathing session
2. Observe target orb scale transitions for session 151
3. Wait for timer completion.
Expected: Timer triggers cycles, client records completion log 151 upon session end</system-out>
    </testcase>
    <testcase id="TS_SEL_152" name="Verify breathing exercise timer for Diaphragmatic Calm calculates cycles correctly with customized parameter 152" classname="qa.tests.selenium.BreathingExercises" time="0.215">
      <system-out>Preconditions: User has loaded breathing exercise screen for session 152
Steps: 1. Click start breathing session
2. Observe target orb scale transitions for session 152
3. Wait for timer completion.
Expected: Timer triggers cycles, client records completion log 152 upon session end</system-out>
    </testcase>
    <testcase id="TS_SEL_153" name="Verify breathing exercise timer for Belly Breathing calculates cycles correctly with customized parameter 153" classname="qa.tests.selenium.BreathingExercises" time="0.980">
      <system-out>Preconditions: User has loaded breathing exercise screen for session 153
Steps: 1. Click start breathing session
2. Observe target orb scale transitions for session 153
3. Wait for timer completion.
Expected: Timer triggers cycles, client records completion log 153 upon session end</system-out>
    </testcase>
    <testcase id="TS_SEL_154" name="Verify breathing exercise timer for Box Breathing calculates cycles correctly with customized parameter 154" classname="qa.tests.selenium.BreathingExercises" time="1.154">
      <system-out>Preconditions: User has loaded breathing exercise screen for session 154
Steps: 1. Click start breathing session
2. Observe target orb scale transitions for session 154
3. Wait for timer completion.
Expected: Timer triggers cycles, client records completion log 154 upon session end</system-out>
    </testcase>
    <testcase id="TS_SEL_155" name="Verify breathing exercise timer for Pursed Lip Exhale calculates cycles correctly with customized parameter 155" classname="qa.tests.selenium.BreathingExercises" time="0.930">
      <system-out>Preconditions: User has loaded breathing exercise screen for session 155
Steps: 1. Click start breathing session
2. Observe target orb scale transitions for session 155
3. Wait for timer completion.
Expected: Timer triggers cycles, client records completion log 155 upon session end</system-out>
[...]
3. Analyze server response codes under security profile 270.
Expected: Application rejects request, returns 400/403/401 and log alert triggers on server for attack scenario 270</system-out>
    </testcase>
    <testcase id="TS_SEC_271" name="Verify application resistance to security exploit targeting API Attack Surface category using attack payload variation 271" classname="qa.tests.security.API_Attack_Surface" time="0.993">
      <system-out>Preconditions: OWASP scanning tool is configured and targeted API endpoints are active for query 271
Steps: 1. Construct security payload pattern 271
2. Intercept request and inject exploit headers/parameters
3. Analyze server response codes under security profile 271.
Expected: Application rejects request, returns 400/403/401 and log alert triggers on server for attack scenario 271</system-out>
    </testcase>
    <testcase id="TS_SEC_272" name="Verify application resistance to security exploit targeting API Attack Surface category using attack payload variation 272" classname="qa.tests.security.API_Attack_Surface" time="0.938">
      <system-out>Preconditions: OWASP scanning tool is configured and targeted API endpoints are active for query 272
Steps: 1. Construct security payload pattern 272
2. Intercept request and inject exploit headers/parameters
3. Analyze server response codes under security profile 272.
Expected: Application rejects request, returns 400/403/401 and log alert triggers on server for attack scenario 272</system-out>
    </testcase>
    <testcase id="TS_SEC_273" name="Verify application resistance to security exploit targeting Mobile Native Security category using attack payload variation 273" classname="qa.tests.security.Mobile_Native_Security" time="0.810">
      <system-out>Preconditions: OWASP scanning tool is configured and targeted API endpoints are active for query 273
Steps: 1. Construct security payload pattern 273
2. Intercept request and inject exploit headers/parameters
3. Analyze server response codes under security profile 273.
Expected: Application rejects request, returns 400/403/401 and log alert triggers on server for attack scenario 273</system-out>
    </testcase>
    <testcase id="TS_SEC_274" name="Verify application resistance to security exploit targeting Mobile Native Security category using attack payload variation 274" classname="qa.tests.security.Mobile_Native_Security" time="0.714">
      <system-out>Preconditions: OWASP scanning tool is configured and targeted API endpoints are active for query 274
Steps: 1. Construct security payload pattern 274
2. Intercept request and inject exploit headers/parameters
3. Analyze server response codes under security profile 274.
Expected: Application rejects request, returns 400/403/401 and log alert triggers on server for attack scenario 274</system-out>
    </testcase>
    <testcase id="TS_SEC_275" name="Verify application resistance to security exploit targeting Mobile Native Security category using attack payload variation 275" classname="qa.tests.security.Mobile_Native_Security" time="0.822">
      <system-out>Preconditions: OWASP scanning tool is configured and targeted API endpoints are active for query 275
Steps: 1. Construct security payload pattern 275
2. Intercept request and inject exploit headers/parameters
3. Analyze server response codes under security profile 275.
Expected: Application rejects request, returns 400/403/401 and log alert triggers on server for attack scenario 275</system-out>
    </testcase>
    <testcase id="TS_SEC_276" name="Verify application resistance to security exploit targeting Mobile Native Security category using attack payload variation 276" classname="qa.tests.security.Mobile_Native_Security" time="1.103">
      <system-out>Preconditions: OWASP scanning tool is configured and targeted API endpoints are active for query 276
Steps: 1. Construct security payload pattern 276
2. Intercept request and inject exploit headers/parameters
3. Analyze server response codes under security profile 276.
Expected: Application rejects request, returns 400/403/401 and log alert triggers on server for attack scenario 276</system-out>
    </testcase>
    <testcase id="TS_SEC_277" name="Verify application resistance to security exploit targeting Mobile Native Security category using attack payload variation 277" classname="qa.tests.security.Mobile_Native_Security" time="0.058">
      <system-out>Preconditions: OWASP scanning tool is configured and targeted API endpoints are active for query 277
Steps: 1. Construct security payload pattern 277
2. Intercept request and inject exploit headers/parameters
3. Analyze server response codes under security profile 277.
Expected: Application rejects request, returns 400/403/401 and log alert triggers on server for attack scenario 277</system-out>
    </testcase>
    <testcase id="TS_SEC_278" name="Verify application resistance to security exploit targeting Mobile Native Security category using attack payload variation 278" classname="qa.tests.security.Mobile_Native_Security" time="0.089">
      <system-out>Preconditions: OWASP scanning tool is configured and targeted API endpoints are active for query 278
Steps: 1. Construct security payload pattern 278
2. Intercept request and inject exploit headers/parameters
3. Analyze server response codes under security profile 278.
Expected: Application rejects request, returns 400/403/401 and log alert triggers on server for attack scenario 278</system-out>
    </testcase>
    <testcase id="TS_SEC_279" name="Verify application resistance to security exploit targeting Mobile Native Security category using attack payload variation 279" classname="qa.tests.security.Mobile_Native_Security" time="0.444">
      <system-out>Preconditions: OWASP scanning tool is configured and targeted API endpoints are active for query 279
Steps: 1. Construct security payload pattern 279
2. Intercept request and inject exploit headers/parameters
3. Analyze server response codes under security profile 279.
Expected: Application rejects request, returns 400/403/401 and log alert triggers on server for attack scenario 279</system-out>
    </testcase>
    <testcase id="TS_SEC_280" name="Verify application resistance to security exploit targeting Mobile Native Security category using attack payload variation 280" classname="qa.tests.security.Mobile_Native_Security" time="0.326">
      <system-out>Preconditions: OWASP scanning tool is configured and targeted API endpoints are active for query 280
Steps: 1. Construct security payload pattern 280
2. Intercept request and inject exploit headers/parameters
3. Analyze server response codes under security profile 280.
Expected: Application rejects request, returns 400/403/401 and log alert triggers on server for attack scenario 280</system-out>
    </testcase>
    <testcase id="TS_SEC_281" name="Verify application resistance to security exploit targeting Mobile Native Security category using attack payload variation 281" classname="qa.tests.security.Mobile_Native_Security" time="0.645">
      <system-out>Preconditions: OWASP scanning tool is configured and targeted API endpoints are active for query 281
Steps: 1. Construct security payload pattern 281
2. Intercept request and inject exploit headers/parameters
3. Analyze server response codes under security profile 281.
Expected: Application rejects request, returns 400/403/401 and log alert triggers on server for attack scenario 281</system-out>
    </testcase>
    <testcase id="TS_SEC_282" name="Verify application resistance to security exploit targeting Mobile Native Security category using attack payload variation 282" classname="qa.tests.security.Mobile_Native_Security" time="0.798">
      <system-out>Preconditions: OWASP scanning tool is configured and targeted API endpoints are active for query 282
Steps: 1. Construct security payload pattern 282
2. Intercept request and inject exploit headers/parameters
3. Analyze server response codes under security profile 282.
Expected: Application rejects request, returns 400/403/401 and log alert triggers on server for attack scenario 282</system-out>
    </testcase>
    <testcase id="TS_SEC_283" name="Verify application resistance to security exploit targeting Mobile Native Security category using attack payload variation 283" classname="qa.tests.security.Mobile_Native_Security" time="0.240">
      <system-out>Preconditions: OWASP scanning tool is configured and targeted API endpoints are active for query 283
Steps: 1. Construct security payload pattern 283
2. Intercept request and inject exploit headers/parameters
3. Analyze server response codes under security profile 283.
Expected: Application rejects request, returns 400/403/401 and log alert triggers on server for attack scenario 283</system-out>
    </testcase>
    <testcase id="TS_SEC_284" name="Verify application resistance to security exploit targeting Mobile Native Security category using attack payload variation 284" classname="qa.tests.security.Mobile_Native_Security" time="1.165">
      <system-out>Preconditions: OWASP scanning tool is configured and targeted API endpoints are active for query 284
Steps: 1. Construct security payload pattern 284
2. Intercept request and inject exploit headers/parameters
3. Analyze server response codes under security profile 284.
Expected: Application rejects request, returns 400/403/401 and log alert triggers on server for attack scenario 284</system-out>
    </testcase>
    <testcase id="TS_SEC_285" name="Verify application resistance to security exploit targeting Mobile Native Security category using attack payload variation 285" classname="qa.tests.security.Mobile_Native_Security" time="0.426">
      <system-out>Preconditions: OWASP scanning tool is configured and targeted API endpoints are active for query 285
Steps: 1. Construct security payload pattern 285
2. Intercept request and inject exploit headers/parameters
3. Analyze server response codes under security profile 285.
Expected: Application rejects request, returns 400/403/401 and log alert triggers on server for attack scenario 285</system-out>
    </testcase>
    <testcase id="TS_SEC_286" name="Verify application resistance to security exploit targeting Mobile Native Security category using attack payload variation 286" classname="qa.tests.security.Mobile_Native_Security" time="0.902">
      <system-out>Preconditions: OWASP scanning tool is configured and targeted API endpoints are active for query 286
Steps: 1. Construct security payload pattern 286
2. Intercept request and inject exploit headers/parameters
3. Analyze server response codes under security profile 286.
Expected: Application rejects request, returns 400/403/401 and log alert triggers on server for attack scenario 286</system-out>
    </testcase>
    <testcase id="TS_SEC_287" name="Verify application resistance to security exploit targeting Web DOM Security category using attack payload variation 287" classname="qa.tests.security.Web_DOM_Security" time="0.185">
      <system-out>Preconditions: OWASP scanning tool is configured and targeted API endpoints are active for query 287
Steps: 1. Construct security payload pattern 287
2. Intercept request and inject exploit headers/parameters
3. Analyze server response codes under security profile 287.
Expected: Application rejects request, returns 400/403/401 and log alert triggers on server for attack scenario 287</system-out>
    </testcase>
    <testcase id="TS_SEC_288" name="Verify application resistance to security exploit targeting Web DOM Security category using attack payload variation 288" classname="qa.tests.security.Web_DOM_Security" time="0.293">
      <system-out>Preconditions: OWASP scanning tool is configured and targeted API endpoints are active for query 288
Steps: 1. Construct security payload pattern 288
2. Intercept request and inject exploit headers/parameters
3. Analyze server response codes under security profile 288.
Expected: Application rejects request, returns 400/403/401 and log alert triggers on server for attack scenario 288</system-out>
    </testcase>
    <testcase id="TS_SEC_289" name="Verify application resistance to security exploit targeting Web DOM Security category using attack payload variation 289" classname="qa.tests.security.Web_DOM_Security" time="0.314">
      <system-out>Preconditions: OWASP scanning tool is configured and targeted API endpoints are active for query 289
Steps: 1. Construct security payload pattern 289
2. Intercept request and inject exploit headers/parameters
3. Analyze server response codes under security profile 289.
Expected: Application rejects request, returns 400/403/401 and log alert triggers on server for attack scenario 289</system-out>
    </testcase>
    <testcase id="TS_SEC_290" name="Verify application resistance to security exploit targeting Web DOM Security category using attack payload variation 290" classname="qa.tests.security.Web_DOM_Security" time="0.511">
      <system-out>Preconditions: OWASP scanning tool is configured and targeted API endpoints are active for query 290
Steps: 1. Construct security payload pattern 290
2. Intercept request and inject exploit headers/parameters
3. Analyze server response codes under security profile 290.
Expected: Application rejects request, returns 400/403/401 and log alert triggers on server for attack scenario 290</system-out>
    </testcase>
    <testcase id="TS_SEC_291" name="Verify application resistance to security exploit targeting Web DOM Security category using attack payload variation 291" classname="qa.tests.security.Web_DOM_Security" time="1.194">
      <system-out>Preconditions: OWASP scanning tool is configured and targeted API endpoints are active for query 291
Steps: 1. Construct security payload pattern 291
2. Intercept request and inject exploit headers/parameters
3. Analyze server response codes under security profile 291.
Expected: Application rejects request, returns 400/403/401 and log alert triggers on server for attack scenario 291</system-out>
    </testcase>
    <testcase id="TS_SEC_292" name="Verify application resistance to security exploit targeting Web DOM Security category using attack payload variation 292" classname="qa.tests.security.Web_DOM_Security" time="0.489">
      <system-out>Preconditions: OWASP scanning tool is configured and targeted API endpoints are active for query 292
Steps: 1. Construct security payload pattern 292
2. Intercept request and inject exploit headers/parameters
3. Analyze server response codes under security profile 292.
Expected: Application rejects request, returns 400/403/401 and log alert triggers on server for attack scenario 292</system-out>
    </testcase>
    <testcase id="TS_SEC_293" name="Verify application resistance to security exploit targeting Web DOM Security category using attack payload variation 293" classname="qa.tests.security.Web_DOM_Security" time="0.699">
      <system-out>Preconditions: OWASP scanning tool is configured and targeted API endpoints are active for query 293
Steps: 1. Construct security payload pattern 293
2. Intercept request and inject exploit headers/parameters
3. Analyze server response codes under security profile 293.
Expected: Application rejects request, returns 400/403/401 and log alert triggers on server for attack scenario 293</system-out>
    </testcase>
    <testcase id="TS_SEC_294" name="Verify application resistance to security exploit targeting Web DOM Security category using attack payload variation 294" classname="qa.tests.security.Web_DOM_Security" time="0.429">
      <system-out>Preconditions: OWASP scanning tool is configured and targeted API endpoints are active for query 294
Steps: 1. Construct security payload pattern 294
2. Intercept request and inject exploit headers/parameters
3. Analyze server response codes under security profile 294.
Expected: Application rejects request, returns 400/403/401 and log alert triggers on server for attack scenario 294</system-out>
    </testcase>
    <testcase id="TS_SEC_295" name="Verify application resistance to security exploit targeting Web DOM Security category using attack payload variation 295" classname="qa.tests.security.Web_DOM_Security" time="0.208">
      <system-out>Preconditions: OWASP scanning tool is configured and targeted API endpoints are active for query 295
Steps: 1. Construct security payload pattern 295
2. Intercept request and inject exploit headers/parameters
3. Analyze server response codes under security profile 295.
Expected: Application rejects request, returns 400/403/401 and log alert triggers on server for attack scenario 295</system-out>
    </testcase>
    <testcase id="TS_SEC_296" name="Verify application resistance to security exploit targeting Web DOM Security category using attack payload variation 296" classname="qa.tests.security.Web_DOM_Security" time="0.292">
      <system-out>Preconditions: OWASP scanning tool is configured and targeted API endpoints are active for query 296
Steps: 1. Construct security payload pattern 296
2. Intercept request and inject exploit headers/parameters
3. Analyze server response codes under security profile 296.
Expected: Application rejects request, returns 400/403/401 and log alert triggers on server for attack scenario 296</system-out>
    </testcase>
    <testcase id="TS_SEC_297" name="Verify application resistance to security exploit targeting Web DOM Security category using attack payload variation 297" classname="qa.tests.security.Web_DOM_Security" time="1.191">
      <system-out>Preconditions: OWASP scanning tool is configured and targeted API endpoints are active for query 297
Steps: 1. Construct security payload pattern 297
2. Intercept request and inject exploit headers/parameters
3. Analyze server response codes under security profile 297.
Expected: Application rejects request, returns 400/403/401 and log alert triggers on server for attack scenario 297</system-out>
    </testcase>
    <testcase id="TS_SEC_298" name="Verify application resistance to security exploit targeting Web DOM Security category using attack payload variation 298" classname="qa.tests.security.Web_DOM_Security" time="0.568">
      <system-out>Preconditions: OWASP scanning tool is configured and targeted API endpoints are active for query 298
Steps: 1. Construct security payload pattern 298
2. Intercept request and inject exploit headers/parameters
3. Analyze server response codes under security profile 298.
Expected: Application rejects request, returns 400/403/401 and log alert triggers on server for attack scenario 298</system-out>
    </testcase>
    <testcase id="TS_SEC_299" name="Verify application resistance to security exploit targeting Web DOM Security category using attack payload variation 299" classname="qa.tests.security.Web_DOM_Security" time="0.516">
      <system-out>Preconditions: OWASP scanning tool is configured and targeted API endpoints are active for query 299
Steps: 1. Construct security payload pattern 299
2. Intercept request and inject exploit headers/parameters
3. Analyze server response codes under security profile 299.
Expected: Application rejects request, returns 400/403/401 and log alert triggers on server for attack scenario 299</system-out>
    </testcase>
    <testcase id="TS_SEC_300" name="Verify application resistance to security exploit targeting Web DOM Security category using attack payload variation 300" classname="qa.tests.security.Web_DOM_Security" time="0.495">
      <system-out>Preconditions: OWASP scanning tool is configured and targeted API endpoints are active for query 300
Steps: 1. Construct security payload pattern 300
2. Intercept request and inject exploit headers/parameters
3. Analyze server response codes under security profile 300.
Expected: Application rejects request, returns 400/403/401 and log alert triggers on server for attack scenario 300</system-out>
    </testcase>
  </testsuite>
</testsuites>